{
  "stats": {
    "suites": 1,
    "tests": 2,
    "passes": 2,
    "pending": 0,
    "failures": 0,
    "start": "2020-06-09T21:39:15.185Z",
    "end": "2020-06-09T21:39:40.743Z",
    "duration": 25558,
    "testsRegistered": 2,
    "passPercent": 100,
    "pendingPercent": 0,
    "other": 0,
    "hasOther": false,
    "skipped": 0,
    "hasSkipped": false
  },
  "results": [
    {
      "uuid": "785d809b-68d9-4a23-a834-c2be8d549a48",
      "title": "",
      "fullFile": "cypress/integration/registrationTest.js",
      "file": "cypress/integration/registrationTest.js",
      "beforeHooks": [],
      "afterHooks": [],
      "tests": [],
      "suites": [
        {
          "uuid": "6beb3217-3911-4ca4-a2d6-a404f0594a7e",
          "title": "Sign up Test suite",
          "fullFile": "",
          "file": "",
          "beforeHooks": [],
          "afterHooks": [],
          "tests": [
            {
              "title": "check that user can register successfully using a unique email and valid password",
              "fullTitle": "Sign up Test suite check that user can register successfully using a unique email and valid password",
              "timedOut": null,
              "duration": 15595,
              "state": "passed",
              "speed": "slow",
              "pass": true,
              "fail": false,
              "pending": false,
              "context": null,
              "code": "registrationPage.visit();\nregistrationPage.addFirstName(testData.firstname);\nregistrationPage.addLastName(testData.lastname); //assert first name is not equal to last name\nexpect(testData.firstname).not.to.equal(testData.lastname);\nregistrationPage.addMobileNumber(testData.mobile);\nregistrationPage.addUniqueEmail(email);\nregistrationPage.addPassword(testData.password);\nregistrationPage.addConfirmPassword(testData.confirmPassword); //assert password and confirm password are equal\nexpect(testData.password).to.be.equal(testData.confirmPassword);\ncy.server();\ncy.route('POST', '/account/signup').as('signUp');\nregistrationPage.clickSignUp(); //function to intercept the sign up request and save both request and the response in two JSON files\ncy.wait('@signUp').then(function () {\n  helpers.interceptRequest('@signUp');\n  helpers.interceptResponse('@signUp');\n});\naccountPage.assertAccountPageIsDisplayed();",
              "err": {},
              "uuid": "aa08cfac-4359-4f21-9a35-5eab1a31119a",
              "parentUUID": "6beb3217-3911-4ca4-a2d6-a404f0594a7e",
              "isHook": false,
              "skipped": false
            },
            {
              "title": "Check that registered user can login successfully",
              "fullTitle": "Sign up Test suite Check that registered user can login successfully",
              "timedOut": null,
              "duration": 9866,
              "state": "passed",
              "speed": "slow",
              "pass": true,
              "fail": false,
              "pending": false,
              "context": null,
              "code": "accountPage.ExpandMyAccountDropDown();\naccountPage.clickSignOut();\nloginPage.fillEmail(email);\nloginPage.fillPassword(testData.password);\nloginPage.clickLogin();\naccountPage.assertAccountPageIsDisplayed();",
              "err": {},
              "uuid": "1c221bba-e19a-4603-9b5c-af02bbe17b19",
              "parentUUID": "6beb3217-3911-4ca4-a2d6-a404f0594a7e",
              "isHook": false,
              "skipped": false
            }
          ],
          "suites": [],
          "passes": [
            "aa08cfac-4359-4f21-9a35-5eab1a31119a",
            "1c221bba-e19a-4603-9b5c-af02bbe17b19"
          ],
          "failures": [],
          "pending": [],
          "skipped": [],
          "duration": 25461,
          "root": false,
          "rootEmpty": false,
          "_timeout": 2000
        }
      ],
      "passes": [],
      "failures": [],
      "pending": [],
      "skipped": [],
      "duration": 0,
      "root": true,
      "rootEmpty": true,
      "_timeout": 2000
    }
  ],
  "meta": {
    "mocha": {
      "version": "7.0.1"
    },
    "mochawesome": {
      "options": {
        "quiet": false,
        "reportFilename": "mochawesome",
        "saveHtml": true,
        "saveJson": true,
        "consoleReporter": "spec",
        "useInlineDiffs": false,
        "code": true
      },
      "version": "6.1.1"
    },
    "marge": {
      "options": {},
      "version": "5.1.0"
    }
  }
}